[     487ms] [INFO] 🌐 i18next is maintained with support from Locize — consider powering your project with managed localization (AI, CDN, integrations): https://locize.com 💙 @ https://develop.second.me/assets/index-CgXdEGrd.js:21
[    1528ms] [ERROR] Failed to load resource: the server responded with a status of 401 () @ https://us.i.posthog.com/flags/?v=2&ip=0&_=1775446171427&ver=1.359.1&compression=base64:0
[   49472ms] [ERROR] Failed to create integration: BusinessError: 输入信息有误，请检查后重试
    at https://develop.second.me/assets/index-CgXdEGrd.js:8:511
    at async nA.request (https://develop.second.me/assets/index-CgXdEGrd.js:6:2001)
    at async Object.createIntegration (https://develop.second.me/assets/index-CgXdEGrd.js:96:1046)
    at async T (https://develop.second.me/assets/index-CgXdEGrd.js:238:28031)
    at async F (https://develop.second.me/assets/index-CgXdEGrd.js:238:28597) @ https://us-assets.i.posthog.com/static/posthog-recorder.js?v=1.359.1:0
[   92124ms] [ERROR] Failed to create integration: BusinessError: 输入信息有误，请检查后重试
    at https://develop.second.me/assets/index-CgXdEGrd.js:8:511
    at async nA.request (https://develop.second.me/assets/index-CgXdEGrd.js:6:2001)
    at async Object.createIntegration (https://develop.second.me/assets/index-CgXdEGrd.js:96:1046)
    at async T (https://develop.second.me/assets/index-CgXdEGrd.js:238:28031)
    at async F (https://develop.second.me/assets/index-CgXdEGrd.js:238:28597) @ https://us-assets.i.posthog.com/static/posthog-recorder.js?v=1.359.1:0
[  106553ms] [ERROR] Failed to create integration: BusinessError: 输入信息有误，请检查后重试
    at https://develop.second.me/assets/index-CgXdEGrd.js:8:511
    at async nA.request (https://develop.second.me/assets/index-CgXdEGrd.js:6:2001)
    at async Object.createIntegration (https://develop.second.me/assets/index-CgXdEGrd.js:96:1046)
    at async T (https://develop.second.me/assets/index-CgXdEGrd.js:238:28031)
    at async F (https://develop.second.me/assets/index-CgXdEGrd.js:238:28597) @ https://us-assets.i.posthog.com/static/posthog-recorder.js?v=1.359.1:0
