[     521ms] [INFO] 🌐 i18next is maintained with support from Locize — consider powering your project with managed localization (AI, CDN, integrations): https://locize.com 💙 @ https://develop.second.me/assets/index-CgXdEGrd.js:21
[    1695ms] [ERROR] Failed to load resource: the server responded with a status of 401 () @ https://us.i.posthog.com/flags/?v=2&ip=0&_=1775446636456&ver=1.359.1&compression=base64:0
[    3869ms] [ERROR] Failed to create integration: BusinessError: 输入信息有误，请检查后重试
    at https://develop.second.me/assets/index-CgXdEGrd.js:8:511
    at async nA.request (https://develop.second.me/assets/index-CgXdEGrd.js:6:2001)
    at async Object.createIntegration (https://develop.second.me/assets/index-CgXdEGrd.js:96:1046)
    at async T (https://develop.second.me/assets/index-CgXdEGrd.js:238:28031)
    at async F (https://develop.second.me/assets/index-CgXdEGrd.js:238:28597) @ https://us-assets.i.posthog.com/static/posthog-recorder.js?v=1.359.1:0
[   28869ms] [ERROR] Failed to create integration: BusinessError: 输入信息有误，请检查后重试
    at https://develop.second.me/assets/index-CgXdEGrd.js:8:511
    at async nA.request (https://develop.second.me/assets/index-CgXdEGrd.js:6:2001)
    at async Object.createIntegration (https://develop.second.me/assets/index-CgXdEGrd.js:96:1046)
    at async T (https://develop.second.me/assets/index-CgXdEGrd.js:238:28031)
    at async F (https://develop.second.me/assets/index-CgXdEGrd.js:238:28597) @ https://us-assets.i.posthog.com/static/posthog-recorder.js?v=1.359.1:0
[  301155ms] [ERROR] Failed to load resource: the server responded with a status of 401 () @ https://us.i.posthog.com/flags/?v=2&ip=0&_=1775446935916&ver=1.359.1&compression=base64:0
[  601156ms] [ERROR] Failed to load resource: the server responded with a status of 401 () @ https://us.i.posthog.com/flags/?v=2&ip=0&_=1775447235916&ver=1.359.1&compression=base64:0
[  901406ms] [ERROR] Failed to load resource: the server responded with a status of 401 () @ https://us.i.posthog.com/flags/?v=2&ip=0&_=1775447535916&ver=1.359.1&compression=base64:0
[ 1201158ms] [ERROR] Failed to load resource: the server responded with a status of 401 () @ https://us.i.posthog.com/flags/?v=2&ip=0&_=1775447835917&ver=1.359.1&compression=base64:0
[ 1501155ms] [ERROR] Failed to load resource: the server responded with a status of 401 () @ https://us.i.posthog.com/flags/?v=2&ip=0&_=1775448135915&ver=1.359.1&compression=base64:0
[ 1801157ms] [ERROR] Failed to load resource: the server responded with a status of 401 () @ https://us.i.posthog.com/flags/?v=2&ip=0&_=1775448435917&ver=1.359.1&compression=base64:0
[ 2101161ms] [ERROR] Failed to load resource: the server responded with a status of 401 () @ https://us.i.posthog.com/flags/?v=2&ip=0&_=1775448735917&ver=1.359.1&compression=base64:0
[ 2401167ms] [ERROR] Failed to load resource: the server responded with a status of 401 () @ https://us.i.posthog.com/flags/?v=2&ip=0&_=1775449035918&ver=1.359.1&compression=base64:0
[ 2701163ms] [ERROR] Failed to load resource: the server responded with a status of 401 () @ https://us.i.posthog.com/flags/?v=2&ip=0&_=1775449335918&ver=1.359.1&compression=base64:0
[ 3001541ms] [ERROR] Failed to load resource: the server responded with a status of 401 () @ https://us.i.posthog.com/flags/?v=2&ip=0&_=1775449635919&ver=1.359.1&compression=base64:0
[ 3301161ms] [ERROR] Failed to load resource: the server responded with a status of 401 () @ https://us.i.posthog.com/flags/?v=2&ip=0&_=1775449935920&ver=1.359.1&compression=base64:0
[ 3601163ms] [ERROR] Failed to load resource: the server responded with a status of 401 () @ https://us.i.posthog.com/flags/?v=2&ip=0&_=1775450235920&ver=1.359.1&compression=base64:0
[ 3901160ms] [ERROR] Failed to load resource: the server responded with a status of 401 () @ https://us.i.posthog.com/flags/?v=2&ip=0&_=1775450535921&ver=1.359.1&compression=base64:0
[ 4201161ms] [ERROR] Failed to load resource: the server responded with a status of 401 () @ https://us.i.posthog.com/flags/?v=2&ip=0&_=1775450835921&ver=1.359.1&compression=base64:0
[ 4501156ms] [ERROR] Failed to load resource: the server responded with a status of 401 () @ https://us.i.posthog.com/flags/?v=2&ip=0&_=1775451135914&ver=1.359.1&compression=base64:0
[ 4801154ms] [ERROR] Failed to load resource: the server responded with a status of 401 () @ https://us.i.posthog.com/flags/?v=2&ip=0&_=1775451435914&ver=1.359.1&compression=base64:0
[ 5101153ms] [ERROR] Failed to load resource: the server responded with a status of 401 () @ https://us.i.posthog.com/flags/?v=2&ip=0&_=1775451735914&ver=1.359.1&compression=base64:0
[ 5401184ms] [ERROR] Failed to load resource: the server responded with a status of 401 () @ https://us.i.posthog.com/flags/?v=2&ip=0&_=1775452035914&ver=1.359.1&compression=base64:0
[ 5701161ms] [ERROR] Failed to load resource: the server responded with a status of 401 () @ https://us.i.posthog.com/flags/?v=2&ip=0&_=1775452335915&ver=1.359.1&compression=base64:0
[ 6001153ms] [ERROR] Failed to load resource: the server responded with a status of 401 () @ https://us.i.posthog.com/flags/?v=2&ip=0&_=1775452635916&ver=1.359.1&compression=base64:0
[ 6301162ms] [ERROR] Failed to load resource: the server responded with a status of 401 () @ https://us.i.posthog.com/flags/?v=2&ip=0&_=1775452935916&ver=1.359.1&compression=base64:0
[ 6601156ms] [ERROR] Failed to load resource: the server responded with a status of 401 () @ https://us.i.posthog.com/flags/?v=2&ip=0&_=1775453235916&ver=1.359.1&compression=base64:0
[ 6901159ms] [ERROR] Failed to load resource: the server responded with a status of 401 () @ https://us.i.posthog.com/flags/?v=2&ip=0&_=1775453535917&ver=1.359.1&compression=base64:0
[ 7201531ms] [ERROR] Failed to load resource: the server responded with a status of 401 () @ https://us.i.posthog.com/flags/?v=2&ip=0&_=1775453835916&ver=1.359.1&compression=base64:0
[ 7501157ms] [ERROR] Failed to load resource: the server responded with a status of 401 () @ https://us.i.posthog.com/flags/?v=2&ip=0&_=1775454135917&ver=1.359.1&compression=base64:0
[ 7801156ms] [ERROR] Failed to load resource: the server responded with a status of 401 () @ https://us.i.posthog.com/flags/?v=2&ip=0&_=1775454435918&ver=1.359.1&compression=base64:0
[ 8101169ms] [ERROR] Failed to load resource: the server responded with a status of 401 () @ https://us.i.posthog.com/flags/?v=2&ip=0&_=1775454735918&ver=1.359.1&compression=base64:0
[ 8401177ms] [ERROR] Failed to load resource: the server responded with a status of 401 () @ https://us.i.posthog.com/flags/?v=2&ip=0&_=1775455035918&ver=1.359.1&compression=base64:0
[ 8701164ms] [ERROR] Failed to load resource: the server responded with a status of 401 () @ https://us.i.posthog.com/flags/?v=2&ip=0&_=1775455335919&ver=1.359.1&compression=base64:0
[ 9001909ms] [ERROR] Failed to load resource: the server responded with a status of 401 () @ https://us.i.posthog.com/flags/?v=2&ip=0&_=1775455635919&ver=1.359.1&compression=base64:0
[ 9301158ms] [ERROR] Failed to load resource: the server responded with a status of 401 () @ https://us.i.posthog.com/flags/?v=2&ip=0&_=1775455935919&ver=1.359.1&compression=base64:0
[ 9601162ms] [ERROR] Failed to load resource: the server responded with a status of 401 () @ https://us.i.posthog.com/flags/?v=2&ip=0&_=1775456235920&ver=1.359.1&compression=base64:0
[ 9901160ms] [ERROR] Failed to load resource: the server responded with a status of 401 () @ https://us.i.posthog.com/flags/?v=2&ip=0&_=1775456535920&ver=1.359.1&compression=base64:0
[10201162ms] [ERROR] Failed to load resource: the server responded with a status of 401 () @ https://us.i.posthog.com/flags/?v=2&ip=0&_=1775456835923&ver=1.359.1&compression=base64:0
[10501168ms] [ERROR] Failed to load resource: the server responded with a status of 401 () @ https://us.i.posthog.com/flags/?v=2&ip=0&_=1775457135923&ver=1.359.1&compression=base64:0
[10801170ms] [ERROR] Failed to load resource: the server responded with a status of 401 () @ https://us.i.posthog.com/flags/?v=2&ip=0&_=1775457435924&ver=1.359.1&compression=base64:0
[11101169ms] [ERROR] Failed to load resource: the server responded with a status of 401 () @ https://us.i.posthog.com/flags/?v=2&ip=0&_=1775457735925&ver=1.359.1&compression=base64:0
[11401176ms] [ERROR] Failed to load resource: the server responded with a status of 401 () @ https://us.i.posthog.com/flags/?v=2&ip=0&_=1775458035925&ver=1.359.1&compression=base64:0
[11701179ms] [ERROR] Failed to load resource: the server responded with a status of 401 () @ https://us.i.posthog.com/flags/?v=2&ip=0&_=1775458335924&ver=1.359.1&compression=base64:0
[12001182ms] [ERROR] Failed to load resource: the server responded with a status of 401 () @ https://us.i.posthog.com/flags/?v=2&ip=0&_=1775458635926&ver=1.359.1&compression=base64:0
[12301178ms] [ERROR] Failed to load resource: the server responded with a status of 401 () @ https://us.i.posthog.com/flags/?v=2&ip=0&_=1775458935927&ver=1.359.1&compression=base64:0
[12601168ms] [ERROR] Failed to load resource: the server responded with a status of 401 () @ https://us.i.posthog.com/flags/?v=2&ip=0&_=1775459235927&ver=1.359.1&compression=base64:0
[12901181ms] [ERROR] Failed to load resource: the server responded with a status of 401 () @ https://us.i.posthog.com/flags/?v=2&ip=0&_=1775459535928&ver=1.359.1&compression=base64:0
[13201533ms] [ERROR] Failed to load resource: the server responded with a status of 401 () @ https://us.i.posthog.com/flags/?v=2&ip=0&_=1775459835928&ver=1.359.1&compression=base64:0
[13501176ms] [ERROR] Failed to load resource: the server responded with a status of 401 () @ https://us.i.posthog.com/flags/?v=2&ip=0&_=1775460135929&ver=1.359.1&compression=base64:0
[13801169ms] [ERROR] Failed to load resource: the server responded with a status of 401 () @ https://us.i.posthog.com/flags/?v=2&ip=0&_=1775460435929&ver=1.359.1&compression=base64:0
[14101175ms] [ERROR] Failed to load resource: the server responded with a status of 401 () @ https://us.i.posthog.com/flags/?v=2&ip=0&_=1775460735930&ver=1.359.1&compression=base64:0
[14401190ms] [ERROR] Failed to load resource: the server responded with a status of 401 () @ https://us.i.posthog.com/flags/?v=2&ip=0&_=1775461035931&ver=1.359.1&compression=base64:0
[14701192ms] [ERROR] Failed to load resource: the server responded with a status of 401 () @ https://us.i.posthog.com/flags/?v=2&ip=0&_=1775461335931&ver=1.359.1&compression=base64:0
[15001215ms] [ERROR] Failed to load resource: the server responded with a status of 401 () @ https://us.i.posthog.com/flags/?v=2&ip=0&_=1775461635932&ver=1.359.1&compression=base64:0
[15301246ms] [ERROR] Failed to load resource: the server responded with a status of 401 () @ https://us.i.posthog.com/flags/?v=2&ip=0&_=1775461935932&ver=1.359.1&compression=base64:0
[15601179ms] [ERROR] Failed to load resource: the server responded with a status of 401 () @ https://us.i.posthog.com/flags/?v=2&ip=0&_=1775462235933&ver=1.359.1&compression=base64:0
[15901176ms] [ERROR] Failed to load resource: the server responded with a status of 401 () @ https://us.i.posthog.com/flags/?v=2&ip=0&_=1775462535932&ver=1.359.1&compression=base64:0
[16201198ms] [ERROR] Failed to load resource: the server responded with a status of 401 () @ https://us.i.posthog.com/flags/?v=2&ip=0&_=1775462835932&ver=1.359.1&compression=base64:0
[16501175ms] [ERROR] Failed to load resource: the server responded with a status of 401 () @ https://us.i.posthog.com/flags/?v=2&ip=0&_=1775463135932&ver=1.359.1&compression=base64:0
[16801193ms] [ERROR] Failed to load resource: the server responded with a status of 401 () @ https://us.i.posthog.com/flags/?v=2&ip=0&_=1775463435933&ver=1.359.1&compression=base64:0
[17101178ms] [ERROR] Failed to load resource: the server responded with a status of 401 () @ https://us.i.posthog.com/flags/?v=2&ip=0&_=1775463735933&ver=1.359.1&compression=base64:0
[17401539ms] [ERROR] Failed to load resource: the server responded with a status of 401 () @ https://us.i.posthog.com/flags/?v=2&ip=0&_=1775464035934&ver=1.359.1&compression=base64:0
[17701170ms] [ERROR] Failed to load resource: the server responded with a status of 401 () @ https://us.i.posthog.com/flags/?v=2&ip=0&_=1775464335933&ver=1.359.1&compression=base64:0
[18001171ms] [ERROR] Failed to load resource: the server responded with a status of 401 () @ https://us.i.posthog.com/flags/?v=2&ip=0&_=1775464635933&ver=1.359.1&compression=base64:0
[18301174ms] [ERROR] Failed to load resource: the server responded with a status of 401 () @ https://us.i.posthog.com/flags/?v=2&ip=0&_=1775464935932&ver=1.359.1&compression=base64:0
[18601177ms] [ERROR] Failed to load resource: the server responded with a status of 401 () @ https://us.i.posthog.com/flags/?v=2&ip=0&_=1775465235933&ver=1.359.1&compression=base64:0
[18901174ms] [ERROR] Failed to load resource: the server responded with a status of 401 () @ https://us.i.posthog.com/flags/?v=2&ip=0&_=1775465535933&ver=1.359.1&compression=base64:0
[19202058ms] [ERROR] Failed to load resource: the server responded with a status of 401 () @ https://us.i.posthog.com/flags/?v=2&ip=0&_=1775465835934&ver=1.359.1&compression=base64:0
[19501186ms] [ERROR] Failed to load resource: the server responded with a status of 401 () @ https://us.i.posthog.com/flags/?v=2&ip=0&_=1775466135934&ver=1.359.1&compression=base64:0
[19801872ms] [ERROR] Failed to load resource: the server responded with a status of 401 () @ https://us.i.posthog.com/flags/?v=2&ip=0&_=1775466435933&ver=1.359.1&compression=base64:0
[20101177ms] [ERROR] Failed to load resource: the server responded with a status of 401 () @ https://us.i.posthog.com/flags/?v=2&ip=0&_=1775466735935&ver=1.359.1&compression=base64:0
[20401176ms] [ERROR] Failed to load resource: the server responded with a status of 401 () @ https://us.i.posthog.com/flags/?v=2&ip=0&_=1775467035935&ver=1.359.1&compression=base64:0
[20701190ms] [ERROR] Failed to load resource: the server responded with a status of 401 () @ https://us.i.posthog.com/flags/?v=2&ip=0&_=1775467335936&ver=1.359.1&compression=base64:0
[21001191ms] [ERROR] Failed to load resource: the server responded with a status of 401 () @ https://us.i.posthog.com/flags/?v=2&ip=0&_=1775467635936&ver=1.359.1&compression=base64:0
[21301178ms] [ERROR] Failed to load resource: the server responded with a status of 401 () @ https://us.i.posthog.com/flags/?v=2&ip=0&_=1775467935936&ver=1.359.1&compression=base64:0
[21601835ms] [ERROR] Failed to load resource: the server responded with a status of 401 () @ https://us.i.posthog.com/flags/?v=2&ip=0&_=1775468235937&ver=1.359.1&compression=base64:0
[21901176ms] [ERROR] Failed to load resource: the server responded with a status of 401 () @ https://us.i.posthog.com/flags/?v=2&ip=0&_=1775468535937&ver=1.359.1&compression=base64:0
[22201196ms] [ERROR] Failed to load resource: the server responded with a status of 401 () @ https://us.i.posthog.com/flags/?v=2&ip=0&_=1775468835937&ver=1.359.1&compression=base64:0
[22501179ms] [ERROR] Failed to load resource: the server responded with a status of 401 () @ https://us.i.posthog.com/flags/?v=2&ip=0&_=1775469135937&ver=1.359.1&compression=base64:0
[22801181ms] [ERROR] Failed to load resource: the server responded with a status of 401 () @ https://us.i.posthog.com/flags/?v=2&ip=0&_=1775469435938&ver=1.359.1&compression=base64:0
[23101181ms] [ERROR] Failed to load resource: the server responded with a status of 401 () @ https://us.i.posthog.com/flags/?v=2&ip=0&_=1775469735941&ver=1.359.1&compression=base64:0
[23401184ms] [ERROR] Failed to load resource: the server responded with a status of 401 () @ https://us.i.posthog.com/flags/?v=2&ip=0&_=1775470035942&ver=1.359.1&compression=base64:0
[23701864ms] [ERROR] Failed to load resource: the server responded with a status of 401 () @ https://us.i.posthog.com/flags/?v=2&ip=0&_=1775470335941&ver=1.359.1&compression=base64:0
[24001179ms] [ERROR] Failed to load resource: the server responded with a status of 401 () @ https://us.i.posthog.com/flags/?v=2&ip=0&_=1775470635941&ver=1.359.1&compression=base64:0
[24301183ms] [ERROR] Failed to load resource: the server responded with a status of 401 () @ https://us.i.posthog.com/flags/?v=2&ip=0&_=1775470935942&ver=1.359.1&compression=base64:0
[24601182ms] [ERROR] Failed to load resource: the server responded with a status of 401 () @ https://us.i.posthog.com/flags/?v=2&ip=0&_=1775471235943&ver=1.359.1&compression=base64:0
[24901188ms] [ERROR] Failed to load resource: the server responded with a status of 401 () @ https://us.i.posthog.com/flags/?v=2&ip=0&_=1775471535942&ver=1.359.1&compression=base64:0
[25201186ms] [ERROR] Failed to load resource: the server responded with a status of 401 () @ https://us.i.posthog.com/flags/?v=2&ip=0&_=1775471835943&ver=1.359.1&compression=base64:0
[25501194ms] [ERROR] Failed to load resource: the server responded with a status of 401 () @ https://us.i.posthog.com/flags/?v=2&ip=0&_=1775472135943&ver=1.359.1&compression=base64:0
[25801185ms] [ERROR] Failed to load resource: the server responded with a status of 401 () @ https://us.i.posthog.com/flags/?v=2&ip=0&_=1775472435945&ver=1.359.1&compression=base64:0
[26101200ms] [ERROR] Failed to load resource: the server responded with a status of 401 () @ https://us.i.posthog.com/flags/?v=2&ip=0&_=1775472735946&ver=1.359.1&compression=base64:0
[26401186ms] [ERROR] Failed to load resource: the server responded with a status of 401 () @ https://us.i.posthog.com/flags/?v=2&ip=0&_=1775473035944&ver=1.359.1&compression=base64:0
[26701189ms] [ERROR] Failed to load resource: the server responded with a status of 401 () @ https://us.i.posthog.com/flags/?v=2&ip=0&_=1775473335946&ver=1.359.1&compression=base64:0
[27003422ms] [ERROR] Failed to load resource: the server responded with a status of 401 () @ https://us.i.posthog.com/flags/?v=2&ip=0&_=1775473637012&ver=1.359.1&compression=base64:0
[27301544ms] [ERROR] Failed to load resource: the server responded with a status of 401 () @ https://us.i.posthog.com/flags/?v=2&ip=0&_=1775473936038&ver=1.359.1&compression=base64:0
[27601541ms] [ERROR] Failed to load resource: the server responded with a status of 401 () @ https://us.i.posthog.com/flags/?v=2&ip=0&_=1775474236058&ver=1.359.1&compression=base64:0
[27902576ms] [ERROR] Failed to load resource: the server responded with a status of 401 () @ https://us.i.posthog.com/flags/?v=2&ip=0&_=1775474536112&ver=1.359.1&compression=base64:0
[28201367ms] [ERROR] Failed to load resource: the server responded with a status of 401 () @ https://us.i.posthog.com/flags/?v=2&ip=0&_=1775474836005&ver=1.359.1&compression=base64:0
[28502339ms] [ERROR] Failed to load resource: the server responded with a status of 401 () @ https://us.i.posthog.com/flags/?v=2&ip=0&_=1775475136039&ver=1.359.1&compression=base64:0
[28801475ms] [ERROR] Failed to load resource: the server responded with a status of 401 () @ https://us.i.posthog.com/flags/?v=2&ip=0&_=1775475436037&ver=1.359.1&compression=base64:0
[29102313ms] [ERROR] Failed to load resource: the server responded with a status of 401 () @ https://us.i.posthog.com/flags/?v=2&ip=0&_=1775475736036&ver=1.359.1&compression=base64:0
[29401530ms] [ERROR] Failed to load resource: the server responded with a status of 401 () @ https://us.i.posthog.com/flags/?v=2&ip=0&_=1775476036043&ver=1.359.1&compression=base64:0
[29701538ms] [ERROR] Failed to load resource: the server responded with a status of 401 () @ https://us.i.posthog.com/flags/?v=2&ip=0&_=1775476336044&ver=1.359.1&compression=base64:0
[30001380ms] [ERROR] Failed to load resource: the server responded with a status of 401 () @ https://us.i.posthog.com/flags/?v=2&ip=0&_=1775476636003&ver=1.359.1&compression=base64:0
[30302562ms] [ERROR] Failed to load resource: the server responded with a status of 401 () @ https://us.i.posthog.com/flags/?v=2&ip=0&_=1775476936137&ver=1.359.1&compression=base64:0
[30601528ms] [ERROR] Failed to load resource: the server responded with a status of 401 () @ https://us.i.posthog.com/flags/?v=2&ip=0&_=1775477236086&ver=1.359.1&compression=base64:0
[30902949ms] [ERROR] Failed to load resource: the server responded with a status of 401 () @ https://us.i.posthog.com/flags/?v=2&ip=0&_=1775477536197&ver=1.359.1&compression=base64:0
[31201459ms] [ERROR] Failed to load resource: the server responded with a status of 401 () @ https://us.i.posthog.com/flags/?v=2&ip=0&_=1775477836021&ver=1.359.1&compression=base64:0
[31503447ms] [ERROR] Failed to load resource: the server responded with a status of 401 () @ https://us.i.posthog.com/flags/?v=2&ip=0&_=1775478136294&ver=1.359.1&compression=base64:0
[31801656ms] [ERROR] Failed to load resource: the server responded with a status of 401 () @ https://us.i.posthog.com/flags/?v=2&ip=0&_=1775478436172&ver=1.359.1&compression=base64:0
[32101406ms] [ERROR] Failed to load resource: the server responded with a status of 401 () @ https://us.i.posthog.com/flags/?v=2&ip=0&_=1775478736020&ver=1.359.1&compression=base64:0
[32402164ms] [ERROR] Failed to load resource: the server responded with a status of 401 () @ https://us.i.posthog.com/flags/?v=2&ip=0&_=1775479036029&ver=1.359.1&compression=base64:0
[32701611ms] [ERROR] Failed to load resource: the server responded with a status of 401 () @ https://us.i.posthog.com/flags/?v=2&ip=0&_=1775479336079&ver=1.359.1&compression=base64:0
[33002449ms] [ERROR] Failed to load resource: the server responded with a status of 401 () @ https://us.i.posthog.com/flags/?v=2&ip=0&_=1775479636197&ver=1.359.1&compression=base64:0
[33301405ms] [ERROR] Failed to load resource: the server responded with a status of 401 () @ https://us.i.posthog.com/flags/?v=2&ip=0&_=1775479936043&ver=1.359.1&compression=base64:0
[33604910ms] [ERROR] Failed to load resource: the server responded with a status of 401 () @ https://us.i.posthog.com/flags/?v=2&ip=0&_=1775480237370&ver=1.359.1&compression=base64:0
[33901505ms] [ERROR] Failed to load resource: the server responded with a status of 401 () @ https://us.i.posthog.com/flags/?v=2&ip=0&_=1775480536042&ver=1.359.1&compression=base64:0
[34202795ms] [ERROR] Failed to load resource: the server responded with a status of 401 () @ https://us.i.posthog.com/flags/?v=2&ip=0&_=1775480836569&ver=1.359.1&compression=base64:0
[34501541ms] [ERROR] Failed to load resource: the server responded with a status of 401 () @ https://us.i.posthog.com/flags/?v=2&ip=0&_=1775481136048&ver=1.359.1&compression=base64:0
[34801565ms] [ERROR] Failed to load resource: the server responded with a status of 401 () @ https://us.i.posthog.com/flags/?v=2&ip=0&_=1775481436094&ver=1.359.1&compression=base64:0
[35101582ms] [ERROR] Failed to load resource: the server responded with a status of 401 () @ https://us.i.posthog.com/flags/?v=2&ip=0&_=1775481736036&ver=1.359.1&compression=base64:0
[35403029ms] [ERROR] Failed to load resource: the server responded with a status of 401 () @ https://us.i.posthog.com/flags/?v=2&ip=0&_=1775482036618&ver=1.359.1&compression=base64:0
[35701352ms] [ERROR] Failed to load resource: the server responded with a status of 401 () @ https://us.i.posthog.com/flags/?v=2&ip=0&_=1775482335983&ver=1.359.1&compression=base64:0
[36003479ms] [ERROR] Failed to load resource: the server responded with a status of 401 () @ https://us.i.posthog.com/flags/?v=2&ip=0&_=1775482636848&ver=1.359.1&compression=base64:0
