[    3186ms] [LOG] [ReportQueue] report called: expose login_expose isReady: false @ https://mindverseglobal.mindverse.com/front-packaged/mindcommerse/prod_k8s/packaged-files/_next/static/chunks/56778-40d3fc6ee6ffad25.js:0
[    3186ms] [LOG] [ReportQueue] queued, queue size: 1 @ https://mindverseglobal.mindverse.com/front-packaged/mindcommerse/prod_k8s/packaged-files/_next/static/chunks/56778-40d3fc6ee6ffad25.js:0
[    3187ms] [LOG] i18n init @ https://mindverseglobal.mindverse.com/front-packaged/mindcommerse/prod_k8s/packaged-files/_next/static/chunks/app/layout-4fb625ad9204e8c0.js:0
[    3187ms] [LOG] Script loaded @ :1
[    3577ms] [LOG] [ReportQueue] SDK ready, flushing queue... @ https://mindverseglobal.mindverse.com/front-packaged/mindcommerse/prod_k8s/packaged-files/_next/static/chunks/56778-40d3fc6ee6ffad25.js:0
[    3577ms] [LOG] [ReportQueue] Flushing 1 items @ https://mindverseglobal.mindverse.com/front-packaged/mindcommerse/prod_k8s/packaged-files/_next/static/chunks/56778-40d3fc6ee6ffad25.js:0
[    3577ms] [LOG] [ReportQueue] executing report: expose login_expose {key10: undefined, timezone: Asia/Shanghai} @ https://mindverseglobal.mindverse.com/front-packaged/mindcommerse/prod_k8s/packaged-files/_next/static/chunks/56778-40d3fc6ee6ffad25.js:0
[    5407ms] [ERROR] The request has been aborted. @ https://second.me/login:0
[    6072ms] [ERROR] The request has been aborted. @ https://second.me/login:0
[    8268ms] [LOG] Invalid origin https://challenges.cloudflare.com undefined @ :9
[    8268ms] [LOG] Invalid origin https://challenges.cloudflare.com undefined @ :9
[    8274ms] [LOG] Invalid origin https://challenges.cloudflare.com undefined @ :9
[    8940ms] [LOG] Invalid origin https://challenges.cloudflare.com undefined @ :9
[   12364ms] [WARNING] The resource https://mindverseglobal.mindverse.com/front-packaged/mindcommerse/prod_k8s/packaged-files/_next/static/css/8529b2e80eecfb1b.css was preloaded using link preload but not used within a few seconds from the window's load event. Please make sure it has an appropriate `as` value and it is preloaded intentionally. @ https://second.me/login:0
[   21166ms] [WARNING] The resource https://mindverseglobal.mindverse.com/front-packaged/mindcommerse/prod_k8s/packaged-files/_next/static/css/8529b2e80eecfb1b.css was preloaded using link preload but not used within a few seconds from the window's load event. Please make sure it has an appropriate `as` value and it is preloaded intentionally. @ https://second.me/login:0
[   30098ms] [LOG] [ReportQueue] report called: click login isReady: true @ https://mindverseglobal.mindverse.com/front-packaged/mindcommerse/prod_k8s/packaged-files/_next/static/chunks/56778-40d3fc6ee6ffad25.js:0
[   30098ms] [LOG] [ReportQueue] executing report: click login {key10: undefined, timezone: Asia/Shanghai, key1: sms, key5: } @ https://mindverseglobal.mindverse.com/front-packaged/mindcommerse/prod_k8s/packaged-files/_next/static/chunks/56778-40d3fc6ee6ffad25.js:0
[   31548ms] [LOG] [ReportQueue] report called: click login_success isReady: true @ https://mindverseglobal.mindverse.com/front-packaged/mindcommerse/prod_k8s/packaged-files/_next/static/chunks/56778-40d3fc6ee6ffad25.js:0
[   31548ms] [LOG] [ReportQueue] executing report: click login_success {key10: undefined, timezone: Asia/Shanghai, key1: false, key2: sms, key5: } @ https://mindverseglobal.mindverse.com/front-packaged/mindcommerse/prod_k8s/packaged-files/_next/static/chunks/56778-40d3fc6ee6ffad25.js:0
[   33069ms] [LOG] [ReportQueue] report called: other activity isReady: true @ https://mindverseglobal.mindverse.com/front-packaged/mindcommerse/prod_k8s/packaged-files/_next/static/chunks/56778-40d3fc6ee6ffad25.js:0
[   33070ms] [LOG] [ReportQueue] executing report: other activity {key10: undefined, timezone: Asia/Shanghai, key1: false} @ https://mindverseglobal.mindverse.com/front-packaged/mindcommerse/prod_k8s/packaged-files/_next/static/chunks/56778-40d3fc6ee6ffad25.js:0
[   33592ms] [ERROR] Failed to load resource: the server responded with a status of 404 () @ https://second.me/friends/stranger?_rsc=3hd5j:0
[   33688ms] [LOG] sessionRef.current is undefined @ https://mindverseglobal.mindverse.com/front-packaged/mindcommerse/prod_k8s/packaged-files/_next/static/chunks/27936-aa85c04cdd29ed7d.js:0
[   37046ms] [LOG] [ReportQueue] report called: other timer_open_session isReady: true @ https://mindverseglobal.mindverse.com/front-packaged/mindcommerse/prod_k8s/packaged-files/_next/static/chunks/56778-40d3fc6ee6ffad25.js:0
[   37047ms] [LOG] [ReportQueue] executing report: other timer_open_session {key10: undefined, timezone: Asia/Shanghai, key1: 471306267111096320, key2: 3358, key3: de062} @ https://mindverseglobal.mindverse.com/front-packaged/mindcommerse/prod_k8s/packaged-files/_next/static/chunks/56778-40d3fc6ee6ffad25.js:0
[   64205ms] [LOG] Invalid origin https://plaza.second.me undefined @ :9
[   66567ms] Error: Minified React error #418; visit https://react.dev/errors/418?args[]=HTML&args[]= for the full message or use the non-minified dev environment for full errors and additional helpful warnings.
    at rK (https://plaza.second.me/_next/static/chunks/c831296981c955c2.js?dpl=dpl_J3mvcqYk44xe3stzp1CyQjeew54n:1:45805)
    at io (https://plaza.second.me/_next/static/chunks/c831296981c955c2.js?dpl=dpl_J3mvcqYk44xe3stzp1CyQjeew54n:1:96526)
    at sc (https://plaza.second.me/_next/static/chunks/c831296981c955c2.js?dpl=dpl_J3mvcqYk44xe3stzp1CyQjeew54n:1:136997)
    at https://plaza.second.me/_next/static/chunks/c831296981c955c2.js?dpl=dpl_J3mvcqYk44xe3stzp1CyQjeew54n:1:131887
    at u7 (https://plaza.second.me/_next/static/chunks/c831296981c955c2.js?dpl=dpl_J3mvcqYk44xe3stzp1CyQjeew54n:1:131988)
    at sV (https://plaza.second.me/_next/static/chunks/c831296981c955c2.js?dpl=dpl_J3mvcqYk44xe3stzp1CyQjeew54n:1:158370)
    at MessagePort.O (https://plaza.second.me/_next/static/chunks/c831296981c955c2.js?dpl=dpl_J3mvcqYk44xe3stzp1CyQjeew54n:1:7338)
[   85756ms] [ERROR] Failed to load resource: the server responded with a status of 404 () @ https://goodluckky-web.vercel.app/icon-1024.png:0
[  120627ms] [ERROR] Failed to load resource: the server responded with a status of 400 () @ https://plaza.second.me/api/posts/da70148b-6302-4b74-a497-cd42cf8a0f8c/comments/aba98b47-634a-4f8b-bfd5-ad17022e8e57/endorse:0
[  125508ms] [LOG] [ReportQueue] report called: other timer_receive_ending_duration isReady: true @ https://mindverseglobal.mindverse.com/front-packaged/mindcommerse/prod_k8s/packaged-files/_next/static/chunks/56778-40d3fc6ee6ffad25.js:0
[  125509ms] [LOG] [ReportQueue] executing report: other timer_receive_ending_duration {key10: undefined, timezone: Asia/Shanghai, key1: 471306267111096320, key2: 209, key3: de062} @ https://mindverseglobal.mindverse.com/front-packaged/mindcommerse/prod_k8s/packaged-files/_next/static/chunks/56778-40d3fc6ee6ffad25.js:0
[  410873ms] [ERROR] Failed to load resource: the server responded with a status of 422 () @ https://plaza.second.me/api/posts:0
[  537647ms] [WARNING] Failed to execute 'postMessage' on 'DOMWindow': The target origin provided ('https://appstore.second.me') does not match the recipient window's origin ('https://second.me'). @ https://mindverseglobal.mindverse.com/front-packaged/mindcommerse/prod_k8s/packaged-files/_next/static/chunks/19910-8ecce411a73cedd3.js:0
[  541626ms] [LOG] Invalid origin https://appstore.second.me undefined @ :9
[  793280ms] [ERROR] Permissions policy violation: The Clipboard API has been blocked because of a permissions policy applied to the current document. See https://crbug.com/414348233 for more details. @ https://plaza.second.me/_next/static/chunks/6fd8510689bc245d.js?dpl=dpl_J3mvcqYk44xe3stzp1CyQjeew54n:0
